{"/Users/cindytao/Documents/CIS550/Homework2/MS1 - Student/server/routes.js": {"path":"/Users/cindytao/Documents/CIS550/Homework2/MS1 - Student/server/routes.js","statementMap":{"0":{"start":{"line":1,"column":15},"end":{"line":1,"column":39}},"1":{"start":{"line":2,"column":14},"end":{"line":2,"column":30}},"2":{"start":{"line":3,"column":10},"end":{"line":3,"column":28}},"3":{"start":{"line":6,"column":19},"end":{"line":12,"column":2}},"4":{"start":{"line":13,"column":0},"end":{"line":13,"column":21}},"5":{"start":{"line":23,"column":4},"end":{"line":27,"column":5}},"6":{"start":{"line":24,"column":8},"end":{"line":24,"column":73}},"7":{"start":{"line":26,"column":8},"end":{"line":26,"column":54}},"8":{"start":{"line":37,"column":19},"end":{"line":37,"column":34}},"9":{"start":{"line":38,"column":26},"end":{"line":38,"column":60}},"10":{"start":{"line":39,"column":17},"end":{"line":39,"column":59}},"11":{"start":{"line":41,"column":4},"end":{"line":51,"column":5}},"12":{"start":{"line":43,"column":8},"end":{"line":43,"column":78}},"13":{"start":{"line":44,"column":11},"end":{"line":51,"column":5}},"14":{"start":{"line":45,"column":32},"end":{"line":45,"column":57}},"15":{"start":{"line":47,"column":8},"end":{"line":47,"column":89}},"16":{"start":{"line":50,"column":8},"end":{"line":50,"column":69}},"17":{"start":{"line":65,"column":19},"end":{"line":65,"column":63}},"18":{"start":{"line":67,"column":15},"end":{"line":67,"column":29}},"19":{"start":{"line":68,"column":19},"end":{"line":68,"column":63}},"20":{"start":{"line":70,"column":4},"end":{"line":104,"column":5}},"21":{"start":{"line":74,"column":8},"end":{"line":87,"column":11}},"22":{"start":{"line":81,"column":12},"end":{"line":86,"column":13}},"23":{"start":{"line":82,"column":16},"end":{"line":82,"column":34}},"24":{"start":{"line":83,"column":16},"end":{"line":83,"column":42}},"25":{"start":{"line":84,"column":19},"end":{"line":86,"column":13}},"26":{"start":{"line":85,"column":16},"end":{"line":85,"column":46}},"27":{"start":{"line":92,"column":8},"end":{"line":103,"column":11}},"28":{"start":{"line":97,"column":12},"end":{"line":102,"column":13}},"29":{"start":{"line":98,"column":16},"end":{"line":98,"column":34}},"30":{"start":{"line":99,"column":16},"end":{"line":99,"column":42}},"31":{"start":{"line":100,"column":19},"end":{"line":102,"column":13}},"32":{"start":{"line":101,"column":16},"end":{"line":101,"column":46}},"33":{"start":{"line":110,"column":15},"end":{"line":110,"column":29}},"34":{"start":{"line":111,"column":19},"end":{"line":111,"column":63}},"35":{"start":{"line":113,"column":4},"end":{"line":145,"column":5}},"36":{"start":{"line":117,"column":8},"end":{"line":129,"column":11}},"37":{"start":{"line":123,"column":12},"end":{"line":128,"column":13}},"38":{"start":{"line":124,"column":16},"end":{"line":124,"column":34}},"39":{"start":{"line":125,"column":16},"end":{"line":125,"column":42}},"40":{"start":{"line":126,"column":19},"end":{"line":128,"column":13}},"41":{"start":{"line":127,"column":16},"end":{"line":127,"column":46}},"42":{"start":{"line":134,"column":8},"end":{"line":144,"column":11}},"43":{"start":{"line":138,"column":12},"end":{"line":143,"column":13}},"44":{"start":{"line":139,"column":16},"end":{"line":139,"column":34}},"45":{"start":{"line":140,"column":16},"end":{"line":140,"column":42}},"46":{"start":{"line":141,"column":19},"end":{"line":143,"column":13}},"47":{"start":{"line":142,"column":16},"end":{"line":142,"column":46}},"48":{"start":{"line":156,"column":13},"end":{"line":156,"column":25}},"49":{"start":{"line":158,"column":4},"end":{"line":182,"column":5}},"50":{"start":{"line":159,"column":8},"end":{"line":178,"column":11}},"51":{"start":{"line":172,"column":12},"end":{"line":177,"column":13}},"52":{"start":{"line":173,"column":16},"end":{"line":173,"column":34}},"53":{"start":{"line":174,"column":16},"end":{"line":174,"column":42}},"54":{"start":{"line":175,"column":19},"end":{"line":177,"column":13}},"55":{"start":{"line":176,"column":16},"end":{"line":176,"column":46}},"56":{"start":{"line":181,"column":8},"end":{"line":181,"column":21}},"57":{"start":{"line":192,"column":13},"end":{"line":192,"column":25}},"58":{"start":{"line":193,"column":13},"end":{"line":193,"column":15}},"59":{"start":{"line":194,"column":4},"end":{"line":239,"column":5}},"60":{"start":{"line":195,"column":8},"end":{"line":235,"column":11}},"61":{"start":{"line":196,"column":12},"end":{"line":196,"column":41}},"62":{"start":{"line":196,"column":22},"end":{"line":196,"column":41}},"63":{"start":{"line":197,"column":12},"end":{"line":234,"column":13}},"64":{"start":{"line":198,"column":16},"end":{"line":198,"column":41}},"65":{"start":{"line":201,"column":28},"end":{"line":201,"column":65}},"66":{"start":{"line":202,"column":16},"end":{"line":202,"column":39}},"67":{"start":{"line":204,"column":16},"end":{"line":233,"column":17}},"68":{"start":{"line":205,"column":20},"end":{"line":217,"column":23}},"69":{"start":{"line":211,"column":24},"end":{"line":216,"column":25}},"70":{"start":{"line":212,"column":28},"end":{"line":212,"column":46}},"71":{"start":{"line":213,"column":28},"end":{"line":213,"column":54}},"72":{"start":{"line":214,"column":31},"end":{"line":216,"column":25}},"73":{"start":{"line":215,"column":28},"end":{"line":215,"column":58}},"74":{"start":{"line":220,"column":20},"end":{"line":232,"column":23}},"75":{"start":{"line":226,"column":24},"end":{"line":231,"column":25}},"76":{"start":{"line":227,"column":28},"end":{"line":227,"column":46}},"77":{"start":{"line":228,"column":28},"end":{"line":228,"column":54}},"78":{"start":{"line":229,"column":31},"end":{"line":231,"column":25}},"79":{"start":{"line":230,"column":28},"end":{"line":230,"column":58}},"80":{"start":{"line":238,"column":8},"end":{"line":238,"column":21}},"81":{"start":{"line":251,"column":15},"end":{"line":251,"column":29}},"82":{"start":{"line":252,"column":19},"end":{"line":252,"column":63}},"83":{"start":{"line":254,"column":4},"end":{"line":290,"column":5}},"84":{"start":{"line":255,"column":19},"end":{"line":255,"column":54}},"85":{"start":{"line":256,"column":19},"end":{"line":256,"column":54}},"86":{"start":{"line":257,"column":8},"end":{"line":270,"column":11}},"87":{"start":{"line":264,"column":12},"end":{"line":269,"column":13}},"88":{"start":{"line":265,"column":16},"end":{"line":265,"column":34}},"89":{"start":{"line":266,"column":16},"end":{"line":266,"column":42}},"90":{"start":{"line":267,"column":19},"end":{"line":269,"column":13}},"91":{"start":{"line":268,"column":16},"end":{"line":268,"column":46}},"92":{"start":{"line":272,"column":9},"end":{"line":290,"column":5}},"93":{"start":{"line":273,"column":19},"end":{"line":273,"column":54}},"94":{"start":{"line":274,"column":19},"end":{"line":274,"column":54}},"95":{"start":{"line":275,"column":8},"end":{"line":286,"column":11}},"96":{"start":{"line":280,"column":12},"end":{"line":285,"column":13}},"97":{"start":{"line":281,"column":16},"end":{"line":281,"column":34}},"98":{"start":{"line":282,"column":16},"end":{"line":282,"column":42}},"99":{"start":{"line":283,"column":19},"end":{"line":285,"column":13}},"100":{"start":{"line":284,"column":16},"end":{"line":284,"column":46}},"101":{"start":{"line":289,"column":8},"end":{"line":289,"column":21}},"102":{"start":{"line":299,"column":20},"end":{"line":299,"column":65}},"103":{"start":{"line":300,"column":21},"end":{"line":300,"column":70}},"104":{"start":{"line":301,"column":23},"end":{"line":301,"column":74}},"105":{"start":{"line":302,"column":24},"end":{"line":302,"column":79}},"106":{"start":{"line":303,"column":15},"end":{"line":303,"column":29}},"107":{"start":{"line":304,"column":19},"end":{"line":304,"column":63}},"108":{"start":{"line":306,"column":4},"end":{"line":353,"column":5}},"109":{"start":{"line":307,"column":19},"end":{"line":307,"column":55}},"110":{"start":{"line":308,"column":26},"end":{"line":308,"column":76}},"111":{"start":{"line":309,"column":19},"end":{"line":309,"column":55}},"112":{"start":{"line":310,"column":8},"end":{"line":327,"column":11}},"113":{"start":{"line":321,"column":12},"end":{"line":326,"column":13}},"114":{"start":{"line":322,"column":16},"end":{"line":322,"column":34}},"115":{"start":{"line":323,"column":16},"end":{"line":323,"column":42}},"116":{"start":{"line":324,"column":19},"end":{"line":326,"column":13}},"117":{"start":{"line":325,"column":16},"end":{"line":325,"column":46}},"118":{"start":{"line":329,"column":9},"end":{"line":353,"column":5}},"119":{"start":{"line":330,"column":19},"end":{"line":330,"column":55}},"120":{"start":{"line":331,"column":26},"end":{"line":331,"column":76}},"121":{"start":{"line":332,"column":19},"end":{"line":332,"column":55}},"122":{"start":{"line":334,"column":8},"end":{"line":349,"column":11}},"123":{"start":{"line":343,"column":12},"end":{"line":348,"column":13}},"124":{"start":{"line":344,"column":16},"end":{"line":344,"column":34}},"125":{"start":{"line":345,"column":16},"end":{"line":345,"column":42}},"126":{"start":{"line":346,"column":19},"end":{"line":348,"column":13}},"127":{"start":{"line":347,"column":16},"end":{"line":347,"column":46}},"128":{"start":{"line":352,"column":8},"end":{"line":352,"column":21}},"129":{"start":{"line":357,"column":0},"end":{"line":366,"column":1}}},"fnMap":{"0":{"name":"hello","decl":{"start":{"line":21,"column":15},"end":{"line":21,"column":20}},"loc":{"start":{"line":21,"column":31},"end":{"line":28,"column":1}},"line":21},"1":{"name":"jersey","decl":{"start":{"line":36,"column":15},"end":{"line":36,"column":21}},"loc":{"start":{"line":36,"column":32},"end":{"line":52,"column":1}},"line":36},"2":{"name":"all_matches","decl":{"start":{"line":60,"column":15},"end":{"line":60,"column":26}},"loc":{"start":{"line":60,"column":37},"end":{"line":105,"column":1}},"line":60},"3":{"name":"(anonymous_3)","decl":{"start":{"line":79,"column":38},"end":{"line":79,"column":39}},"loc":{"start":{"line":79,"column":72},"end":{"line":87,"column":9}},"line":79},"4":{"name":"(anonymous_4)","decl":{"start":{"line":95,"column":38},"end":{"line":95,"column":39}},"loc":{"start":{"line":95,"column":72},"end":{"line":103,"column":9}},"line":95},"5":{"name":"all_players","decl":{"start":{"line":108,"column":15},"end":{"line":108,"column":26}},"loc":{"start":{"line":108,"column":37},"end":{"line":146,"column":1}},"line":108},"6":{"name":"(anonymous_6)","decl":{"start":{"line":121,"column":38},"end":{"line":121,"column":39}},"loc":{"start":{"line":121,"column":72},"end":{"line":129,"column":9}},"line":121},"7":{"name":"(anonymous_7)","decl":{"start":{"line":136,"column":24},"end":{"line":136,"column":25}},"loc":{"start":{"line":136,"column":58},"end":{"line":144,"column":9}},"line":136},"8":{"name":"match","decl":{"start":{"line":154,"column":15},"end":{"line":154,"column":20}},"loc":{"start":{"line":154,"column":31},"end":{"line":183,"column":1}},"line":154},"9":{"name":"(anonymous_9)","decl":{"start":{"line":170,"column":34},"end":{"line":170,"column":35}},"loc":{"start":{"line":170,"column":68},"end":{"line":178,"column":9}},"line":170},"10":{"name":"player","decl":{"start":{"line":190,"column":15},"end":{"line":190,"column":21}},"loc":{"start":{"line":190,"column":32},"end":{"line":240,"column":1}},"line":190},"11":{"name":"(anonymous_11)","decl":{"start":{"line":195,"column":84},"end":{"line":195,"column":85}},"loc":{"start":{"line":195,"column":108},"end":{"line":235,"column":9}},"line":195},"12":{"name":"(anonymous_12)","decl":{"start":{"line":209,"column":46},"end":{"line":209,"column":47}},"loc":{"start":{"line":209,"column":80},"end":{"line":217,"column":21}},"line":209},"13":{"name":"(anonymous_13)","decl":{"start":{"line":224,"column":46},"end":{"line":224,"column":47}},"loc":{"start":{"line":224,"column":80},"end":{"line":232,"column":21}},"line":224},"14":{"name":"search_matches","decl":{"start":{"line":247,"column":15},"end":{"line":247,"column":29}},"loc":{"start":{"line":247,"column":40},"end":{"line":292,"column":1}},"line":247},"15":{"name":"(anonymous_15)","decl":{"start":{"line":262,"column":38},"end":{"line":262,"column":39}},"loc":{"start":{"line":262,"column":72},"end":{"line":270,"column":9}},"line":262},"16":{"name":"(anonymous_16)","decl":{"start":{"line":278,"column":38},"end":{"line":278,"column":39}},"loc":{"start":{"line":278,"column":72},"end":{"line":286,"column":9}},"line":278},"17":{"name":"search_players","decl":{"start":{"line":295,"column":15},"end":{"line":295,"column":29}},"loc":{"start":{"line":295,"column":40},"end":{"line":355,"column":1}},"line":295},"18":{"name":"(anonymous_18)","decl":{"start":{"line":319,"column":38},"end":{"line":319,"column":39}},"loc":{"start":{"line":319,"column":72},"end":{"line":327,"column":9}},"line":319},"19":{"name":"(anonymous_19)","decl":{"start":{"line":341,"column":24},"end":{"line":341,"column":25}},"loc":{"start":{"line":341,"column":58},"end":{"line":349,"column":9}},"line":341}},"branchMap":{"0":{"loc":{"start":{"line":23,"column":4},"end":{"line":27,"column":5}},"type":"if","locations":[{"start":{"line":23,"column":4},"end":{"line":27,"column":5}},{"start":{"line":23,"column":4},"end":{"line":27,"column":5}}],"line":23},"1":{"loc":{"start":{"line":39,"column":17},"end":{"line":39,"column":59}},"type":"cond-expr","locations":[{"start":{"line":39,"column":34},"end":{"line":39,"column":48}},{"start":{"line":39,"column":51},"end":{"line":39,"column":59}}],"line":39},"2":{"loc":{"start":{"line":41,"column":4},"end":{"line":51,"column":5}},"type":"if","locations":[{"start":{"line":41,"column":4},"end":{"line":51,"column":5}},{"start":{"line":41,"column":4},"end":{"line":51,"column":5}}],"line":41},"3":{"loc":{"start":{"line":44,"column":11},"end":{"line":51,"column":5}},"type":"if","locations":[{"start":{"line":44,"column":11},"end":{"line":51,"column":5}},{"start":{"line":44,"column":11},"end":{"line":51,"column":5}}],"line":44},"4":{"loc":{"start":{"line":65,"column":19},"end":{"line":65,"column":63}},"type":"cond-expr","locations":[{"start":{"line":65,"column":39},"end":{"line":65,"column":56}},{"start":{"line":65,"column":59},"end":{"line":65,"column":63}}],"line":65},"5":{"loc":{"start":{"line":68,"column":19},"end":{"line":68,"column":63}},"type":"cond-expr","locations":[{"start":{"line":68,"column":40},"end":{"line":68,"column":58}},{"start":{"line":68,"column":61},"end":{"line":68,"column":63}}],"line":68},"6":{"loc":{"start":{"line":70,"column":4},"end":{"line":104,"column":5}},"type":"if","locations":[{"start":{"line":70,"column":4},"end":{"line":104,"column":5}},{"start":{"line":70,"column":4},"end":{"line":104,"column":5}}],"line":70},"7":{"loc":{"start":{"line":70,"column":8},"end":{"line":70,"column":48}},"type":"binary-expr","locations":[{"start":{"line":70,"column":8},"end":{"line":70,"column":22}},{"start":{"line":70,"column":26},"end":{"line":70,"column":48}}],"line":70},"8":{"loc":{"start":{"line":81,"column":12},"end":{"line":86,"column":13}},"type":"if","locations":[{"start":{"line":81,"column":12},"end":{"line":86,"column":13}},{"start":{"line":81,"column":12},"end":{"line":86,"column":13}}],"line":81},"9":{"loc":{"start":{"line":84,"column":19},"end":{"line":86,"column":13}},"type":"if","locations":[{"start":{"line":84,"column":19},"end":{"line":86,"column":13}},{"start":{"line":84,"column":19},"end":{"line":86,"column":13}}],"line":84},"10":{"loc":{"start":{"line":97,"column":12},"end":{"line":102,"column":13}},"type":"if","locations":[{"start":{"line":97,"column":12},"end":{"line":102,"column":13}},{"start":{"line":97,"column":12},"end":{"line":102,"column":13}}],"line":97},"11":{"loc":{"start":{"line":100,"column":19},"end":{"line":102,"column":13}},"type":"if","locations":[{"start":{"line":100,"column":19},"end":{"line":102,"column":13}},{"start":{"line":100,"column":19},"end":{"line":102,"column":13}}],"line":100},"12":{"loc":{"start":{"line":111,"column":19},"end":{"line":111,"column":63}},"type":"cond-expr","locations":[{"start":{"line":111,"column":40},"end":{"line":111,"column":58}},{"start":{"line":111,"column":61},"end":{"line":111,"column":63}}],"line":111},"13":{"loc":{"start":{"line":113,"column":4},"end":{"line":145,"column":5}},"type":"if","locations":[{"start":{"line":113,"column":4},"end":{"line":145,"column":5}},{"start":{"line":113,"column":4},"end":{"line":145,"column":5}}],"line":113},"14":{"loc":{"start":{"line":113,"column":8},"end":{"line":113,"column":48}},"type":"binary-expr","locations":[{"start":{"line":113,"column":8},"end":{"line":113,"column":22}},{"start":{"line":113,"column":26},"end":{"line":113,"column":48}}],"line":113},"15":{"loc":{"start":{"line":123,"column":12},"end":{"line":128,"column":13}},"type":"if","locations":[{"start":{"line":123,"column":12},"end":{"line":128,"column":13}},{"start":{"line":123,"column":12},"end":{"line":128,"column":13}}],"line":123},"16":{"loc":{"start":{"line":126,"column":19},"end":{"line":128,"column":13}},"type":"if","locations":[{"start":{"line":126,"column":19},"end":{"line":128,"column":13}},{"start":{"line":126,"column":19},"end":{"line":128,"column":13}}],"line":126},"17":{"loc":{"start":{"line":138,"column":12},"end":{"line":143,"column":13}},"type":"if","locations":[{"start":{"line":138,"column":12},"end":{"line":143,"column":13}},{"start":{"line":138,"column":12},"end":{"line":143,"column":13}}],"line":138},"18":{"loc":{"start":{"line":141,"column":19},"end":{"line":143,"column":13}},"type":"if","locations":[{"start":{"line":141,"column":19},"end":{"line":143,"column":13}},{"start":{"line":141,"column":19},"end":{"line":143,"column":13}}],"line":141},"19":{"loc":{"start":{"line":158,"column":4},"end":{"line":182,"column":5}},"type":"if","locations":[{"start":{"line":158,"column":4},"end":{"line":182,"column":5}},{"start":{"line":158,"column":4},"end":{"line":182,"column":5}}],"line":158},"20":{"loc":{"start":{"line":158,"column":8},"end":{"line":158,"column":44}},"type":"binary-expr","locations":[{"start":{"line":158,"column":8},"end":{"line":158,"column":20}},{"start":{"line":158,"column":24},"end":{"line":158,"column":44}}],"line":158},"21":{"loc":{"start":{"line":172,"column":12},"end":{"line":177,"column":13}},"type":"if","locations":[{"start":{"line":172,"column":12},"end":{"line":177,"column":13}},{"start":{"line":172,"column":12},"end":{"line":177,"column":13}}],"line":172},"22":{"loc":{"start":{"line":175,"column":19},"end":{"line":177,"column":13}},"type":"if","locations":[{"start":{"line":175,"column":19},"end":{"line":177,"column":13}},{"start":{"line":175,"column":19},"end":{"line":177,"column":13}}],"line":175},"23":{"loc":{"start":{"line":194,"column":4},"end":{"line":239,"column":5}},"type":"if","locations":[{"start":{"line":194,"column":4},"end":{"line":239,"column":5}},{"start":{"line":194,"column":4},"end":{"line":239,"column":5}}],"line":194},"24":{"loc":{"start":{"line":194,"column":8},"end":{"line":194,"column":44}},"type":"binary-expr","locations":[{"start":{"line":194,"column":8},"end":{"line":194,"column":20}},{"start":{"line":194,"column":24},"end":{"line":194,"column":44}}],"line":194},"25":{"loc":{"start":{"line":196,"column":12},"end":{"line":196,"column":41}},"type":"if","locations":[{"start":{"line":196,"column":12},"end":{"line":196,"column":41}},{"start":{"line":196,"column":12},"end":{"line":196,"column":41}}],"line":196},"26":{"loc":{"start":{"line":197,"column":12},"end":{"line":234,"column":13}},"type":"if","locations":[{"start":{"line":197,"column":12},"end":{"line":234,"column":13}},{"start":{"line":197,"column":12},"end":{"line":234,"column":13}}],"line":197},"27":{"loc":{"start":{"line":204,"column":16},"end":{"line":233,"column":17}},"type":"if","locations":[{"start":{"line":204,"column":16},"end":{"line":233,"column":17}},{"start":{"line":204,"column":16},"end":{"line":233,"column":17}}],"line":204},"28":{"loc":{"start":{"line":211,"column":24},"end":{"line":216,"column":25}},"type":"if","locations":[{"start":{"line":211,"column":24},"end":{"line":216,"column":25}},{"start":{"line":211,"column":24},"end":{"line":216,"column":25}}],"line":211},"29":{"loc":{"start":{"line":214,"column":31},"end":{"line":216,"column":25}},"type":"if","locations":[{"start":{"line":214,"column":31},"end":{"line":216,"column":25}},{"start":{"line":214,"column":31},"end":{"line":216,"column":25}}],"line":214},"30":{"loc":{"start":{"line":226,"column":24},"end":{"line":231,"column":25}},"type":"if","locations":[{"start":{"line":226,"column":24},"end":{"line":231,"column":25}},{"start":{"line":226,"column":24},"end":{"line":231,"column":25}}],"line":226},"31":{"loc":{"start":{"line":229,"column":31},"end":{"line":231,"column":25}},"type":"if","locations":[{"start":{"line":229,"column":31},"end":{"line":231,"column":25}},{"start":{"line":229,"column":31},"end":{"line":231,"column":25}}],"line":229},"32":{"loc":{"start":{"line":252,"column":19},"end":{"line":252,"column":63}},"type":"cond-expr","locations":[{"start":{"line":252,"column":40},"end":{"line":252,"column":58}},{"start":{"line":252,"column":61},"end":{"line":252,"column":63}}],"line":252},"33":{"loc":{"start":{"line":254,"column":4},"end":{"line":290,"column":5}},"type":"if","locations":[{"start":{"line":254,"column":4},"end":{"line":290,"column":5}},{"start":{"line":254,"column":4},"end":{"line":290,"column":5}}],"line":254},"34":{"loc":{"start":{"line":254,"column":8},"end":{"line":254,"column":63}},"type":"binary-expr","locations":[{"start":{"line":254,"column":9},"end":{"line":254,"column":18}},{"start":{"line":254,"column":23},"end":{"line":254,"column":37}},{"start":{"line":254,"column":41},"end":{"line":254,"column":63}}],"line":254},"35":{"loc":{"start":{"line":255,"column":19},"end":{"line":255,"column":54}},"type":"cond-expr","locations":[{"start":{"line":255,"column":36},"end":{"line":255,"column":50}},{"start":{"line":255,"column":52},"end":{"line":255,"column":54}}],"line":255},"36":{"loc":{"start":{"line":256,"column":19},"end":{"line":256,"column":54}},"type":"cond-expr","locations":[{"start":{"line":256,"column":36},"end":{"line":256,"column":50}},{"start":{"line":256,"column":52},"end":{"line":256,"column":54}}],"line":256},"37":{"loc":{"start":{"line":264,"column":12},"end":{"line":269,"column":13}},"type":"if","locations":[{"start":{"line":264,"column":12},"end":{"line":269,"column":13}},{"start":{"line":264,"column":12},"end":{"line":269,"column":13}}],"line":264},"38":{"loc":{"start":{"line":267,"column":19},"end":{"line":269,"column":13}},"type":"if","locations":[{"start":{"line":267,"column":19},"end":{"line":269,"column":13}},{"start":{"line":267,"column":19},"end":{"line":269,"column":13}}],"line":267},"39":{"loc":{"start":{"line":272,"column":9},"end":{"line":290,"column":5}},"type":"if","locations":[{"start":{"line":272,"column":9},"end":{"line":290,"column":5}},{"start":{"line":272,"column":9},"end":{"line":290,"column":5}}],"line":272},"40":{"loc":{"start":{"line":273,"column":19},"end":{"line":273,"column":54}},"type":"cond-expr","locations":[{"start":{"line":273,"column":36},"end":{"line":273,"column":50}},{"start":{"line":273,"column":52},"end":{"line":273,"column":54}}],"line":273},"41":{"loc":{"start":{"line":274,"column":19},"end":{"line":274,"column":54}},"type":"cond-expr","locations":[{"start":{"line":274,"column":36},"end":{"line":274,"column":50}},{"start":{"line":274,"column":52},"end":{"line":274,"column":54}}],"line":274},"42":{"loc":{"start":{"line":280,"column":12},"end":{"line":285,"column":13}},"type":"if","locations":[{"start":{"line":280,"column":12},"end":{"line":285,"column":13}},{"start":{"line":280,"column":12},"end":{"line":285,"column":13}}],"line":280},"43":{"loc":{"start":{"line":283,"column":19},"end":{"line":285,"column":13}},"type":"if","locations":[{"start":{"line":283,"column":19},"end":{"line":285,"column":13}},{"start":{"line":283,"column":19},"end":{"line":285,"column":13}}],"line":283},"44":{"loc":{"start":{"line":299,"column":20},"end":{"line":299,"column":65}},"type":"cond-expr","locations":[{"start":{"line":299,"column":42},"end":{"line":299,"column":61}},{"start":{"line":299,"column":64},"end":{"line":299,"column":65}}],"line":299},"45":{"loc":{"start":{"line":300,"column":21},"end":{"line":300,"column":70}},"type":"cond-expr","locations":[{"start":{"line":300,"column":44},"end":{"line":300,"column":64}},{"start":{"line":300,"column":67},"end":{"line":300,"column":70}}],"line":300},"46":{"loc":{"start":{"line":301,"column":23},"end":{"line":301,"column":74}},"type":"cond-expr","locations":[{"start":{"line":301,"column":48},"end":{"line":301,"column":70}},{"start":{"line":301,"column":73},"end":{"line":301,"column":74}}],"line":301},"47":{"loc":{"start":{"line":302,"column":24},"end":{"line":302,"column":79}},"type":"cond-expr","locations":[{"start":{"line":302,"column":50},"end":{"line":302,"column":73}},{"start":{"line":302,"column":76},"end":{"line":302,"column":79}}],"line":302},"48":{"loc":{"start":{"line":304,"column":19},"end":{"line":304,"column":63}},"type":"cond-expr","locations":[{"start":{"line":304,"column":40},"end":{"line":304,"column":58}},{"start":{"line":304,"column":61},"end":{"line":304,"column":63}}],"line":304},"49":{"loc":{"start":{"line":306,"column":4},"end":{"line":353,"column":5}},"type":"if","locations":[{"start":{"line":306,"column":4},"end":{"line":353,"column":5}},{"start":{"line":306,"column":4},"end":{"line":353,"column":5}}],"line":306},"50":{"loc":{"start":{"line":306,"column":8},"end":{"line":306,"column":63}},"type":"binary-expr","locations":[{"start":{"line":306,"column":9},"end":{"line":306,"column":18}},{"start":{"line":306,"column":23},"end":{"line":306,"column":37}},{"start":{"line":306,"column":41},"end":{"line":306,"column":63}}],"line":306},"51":{"loc":{"start":{"line":307,"column":19},"end":{"line":307,"column":55}},"type":"cond-expr","locations":[{"start":{"line":307,"column":36},"end":{"line":307,"column":50}},{"start":{"line":307,"column":53},"end":{"line":307,"column":55}}],"line":307},"52":{"loc":{"start":{"line":308,"column":26},"end":{"line":308,"column":76}},"type":"cond-expr","locations":[{"start":{"line":308,"column":50},"end":{"line":308,"column":71}},{"start":{"line":308,"column":74},"end":{"line":308,"column":76}}],"line":308},"53":{"loc":{"start":{"line":309,"column":19},"end":{"line":309,"column":55}},"type":"cond-expr","locations":[{"start":{"line":309,"column":36},"end":{"line":309,"column":50}},{"start":{"line":309,"column":53},"end":{"line":309,"column":55}}],"line":309},"54":{"loc":{"start":{"line":321,"column":12},"end":{"line":326,"column":13}},"type":"if","locations":[{"start":{"line":321,"column":12},"end":{"line":326,"column":13}},{"start":{"line":321,"column":12},"end":{"line":326,"column":13}}],"line":321},"55":{"loc":{"start":{"line":324,"column":19},"end":{"line":326,"column":13}},"type":"if","locations":[{"start":{"line":324,"column":19},"end":{"line":326,"column":13}},{"start":{"line":324,"column":19},"end":{"line":326,"column":13}}],"line":324},"56":{"loc":{"start":{"line":329,"column":9},"end":{"line":353,"column":5}},"type":"if","locations":[{"start":{"line":329,"column":9},"end":{"line":353,"column":5}},{"start":{"line":329,"column":9},"end":{"line":353,"column":5}}],"line":329},"57":{"loc":{"start":{"line":330,"column":19},"end":{"line":330,"column":55}},"type":"cond-expr","locations":[{"start":{"line":330,"column":36},"end":{"line":330,"column":50}},{"start":{"line":330,"column":53},"end":{"line":330,"column":55}}],"line":330},"58":{"loc":{"start":{"line":331,"column":26},"end":{"line":331,"column":76}},"type":"cond-expr","locations":[{"start":{"line":331,"column":50},"end":{"line":331,"column":71}},{"start":{"line":331,"column":74},"end":{"line":331,"column":76}}],"line":331},"59":{"loc":{"start":{"line":332,"column":19},"end":{"line":332,"column":55}},"type":"cond-expr","locations":[{"start":{"line":332,"column":36},"end":{"line":332,"column":50}},{"start":{"line":332,"column":53},"end":{"line":332,"column":55}}],"line":332},"60":{"loc":{"start":{"line":343,"column":12},"end":{"line":348,"column":13}},"type":"if","locations":[{"start":{"line":343,"column":12},"end":{"line":348,"column":13}},{"start":{"line":343,"column":12},"end":{"line":348,"column":13}}],"line":343},"61":{"loc":{"start":{"line":346,"column":19},"end":{"line":348,"column":13}},"type":"if","locations":[{"start":{"line":346,"column":19},"end":{"line":348,"column":13}},{"start":{"line":346,"column":19},"end":{"line":348,"column":13}}],"line":346}},"s":{"0":1,"1":1,"2":1,"3":1,"4":1,"5":2,"6":1,"7":1,"8":21,"9":21,"10":21,"11":21,"12":10,"13":11,"14":10,"15":10,"16":1,"17":1,"18":1,"19":1,"20":1,"21":0,"22":0,"23":0,"24":0,"25":0,"26":0,"27":1,"28":1,"29":0,"30":0,"31":1,"32":1,"33":1,"34":1,"35":1,"36":0,"37":0,"38":0,"39":0,"40":0,"41":0,"42":1,"43":1,"44":0,"45":0,"46":1,"47":1,"48":1,"49":1,"50":1,"51":1,"52":0,"53":0,"54":1,"55":1,"56":0,"57":2,"58":2,"59":2,"60":2,"61":2,"62":0,"63":2,"64":0,"65":2,"66":2,"67":2,"68":1,"69":1,"70":0,"71":0,"72":1,"73":1,"74":1,"75":1,"76":0,"77":0,"78":1,"79":1,"80":0,"81":1,"82":1,"83":1,"84":0,"85":0,"86":0,"87":0,"88":0,"89":0,"90":0,"91":0,"92":1,"93":1,"94":1,"95":1,"96":1,"97":0,"98":0,"99":1,"100":1,"101":0,"102":1,"103":1,"104":1,"105":1,"106":1,"107":1,"108":1,"109":0,"110":0,"111":0,"112":0,"113":0,"114":0,"115":0,"116":0,"117":0,"118":1,"119":1,"120":1,"121":1,"122":1,"123":1,"124":0,"125":0,"126":1,"127":1,"128":0,"129":1},"f":{"0":2,"1":21,"2":1,"3":0,"4":1,"5":1,"6":0,"7":1,"8":1,"9":1,"10":2,"11":2,"12":1,"13":1,"14":1,"15":0,"16":1,"17":1,"18":0,"19":1},"b":{"0":[1,1],"1":[10,11],"2":[10,11],"3":[10,1],"4":[1,0],"5":[0,1],"6":[0,1],"7":[1,0],"8":[0,0],"9":[0,0],"10":[0,1],"11":[1,0],"12":[0,1],"13":[0,1],"14":[1,0],"15":[0,0],"16":[0,0],"17":[0,1],"18":[1,0],"19":[1,0],"20":[1,1],"21":[0,1],"22":[1,0],"23":[2,0],"24":[2,2],"25":[0,2],"26":[0,2],"27":[1,1],"28":[0,1],"29":[1,0],"30":[0,1],"31":[1,0],"32":[0,1],"33":[0,1],"34":[1,1,0],"35":[0,0],"36":[0,0],"37":[0,0],"38":[0,0],"39":[1,0],"40":[1,0],"41":[1,0],"42":[0,1],"43":[1,0],"44":[0,1],"45":[0,1],"46":[0,1],"47":[0,1],"48":[0,1],"49":[0,1],"50":[1,1,0],"51":[0,0],"52":[0,0],"53":[0,0],"54":[0,0],"55":[0,0],"56":[1,0],"57":[1,0],"58":[1,0],"59":[1,0],"60":[0,1],"61":[1,0]},"_coverageSchema":"1a1c01bbd47fc00a2c39e90264f33305004495a9","hash":"760f6a1eab82b5391aa3ea79c75d335fc9e78000"}
,"/Users/cindytao/Documents/CIS550/Homework2/MS1 - Student/server/server.js": {"path":"/Users/cindytao/Documents/CIS550/Homework2/MS1 - Student/server/server.js","statementMap":{"0":{"start":{"line":1,"column":16},"end":{"line":1,"column":34}},"1":{"start":{"line":2,"column":19},"end":{"line":2,"column":35}},"2":{"start":{"line":5,"column":15},"end":{"line":5,"column":34}},"3":{"start":{"line":6,"column":15},"end":{"line":6,"column":39}},"4":{"start":{"line":8,"column":12},"end":{"line":8,"column":21}},"5":{"start":{"line":11,"column":0},"end":{"line":11,"column":31}},"6":{"start":{"line":14,"column":0},"end":{"line":14,"column":41}},"7":{"start":{"line":17,"column":0},"end":{"line":17,"column":47}},"8":{"start":{"line":20,"column":0},"end":{"line":20,"column":39}},"9":{"start":{"line":23,"column":0},"end":{"line":23,"column":31}},"10":{"start":{"line":26,"column":0},"end":{"line":26,"column":33}},"11":{"start":{"line":29,"column":0},"end":{"line":29,"column":49}},"12":{"start":{"line":32,"column":0},"end":{"line":32,"column":49}},"13":{"start":{"line":38,"column":0},"end":{"line":40,"column":3}},"14":{"start":{"line":39,"column":4},"end":{"line":39,"column":89}},"15":{"start":{"line":42,"column":0},"end":{"line":42,"column":21}}},"fnMap":{"0":{"name":"(anonymous_0)","decl":{"start":{"line":38,"column":31},"end":{"line":38,"column":32}},"loc":{"start":{"line":38,"column":37},"end":{"line":40,"column":1}},"line":38}},"branchMap":{},"s":{"0":1,"1":1,"2":1,"3":1,"4":1,"5":1,"6":1,"7":1,"8":1,"9":1,"10":1,"11":1,"12":1,"13":1,"14":1,"15":1},"f":{"0":1},"b":{},"_coverageSchema":"1a1c01bbd47fc00a2c39e90264f33305004495a9","hash":"5af8ba7d3ba388628db4a8785639fcf9c9de7b57"}
}
