TN:
SF:routes.js
FN:21,hello
FN:36,jersey
FN:60,all_matches
FN:79,(anonymous_3)
FN:95,(anonymous_4)
FN:108,all_players
FN:121,(anonymous_6)
FN:136,(anonymous_7)
FN:154,match
FN:170,(anonymous_9)
FN:190,player
FN:195,(anonymous_11)
FN:209,(anonymous_12)
FN:224,(anonymous_13)
FN:247,search_matches
FN:262,(anonymous_15)
FN:278,(anonymous_16)
FN:295,search_players
FN:319,(anonymous_18)
FN:341,(anonymous_19)
FNF:20
FNH:16
FNDA:2,hello
FNDA:21,jersey
FNDA:1,all_matches
FNDA:0,(anonymous_3)
FNDA:1,(anonymous_4)
FNDA:1,all_players
FNDA:0,(anonymous_6)
FNDA:1,(anonymous_7)
FNDA:1,match
FNDA:1,(anonymous_9)
FNDA:2,player
FNDA:2,(anonymous_11)
FNDA:1,(anonymous_12)
FNDA:1,(anonymous_13)
FNDA:1,search_matches
FNDA:0,(anonymous_15)
FNDA:1,(anonymous_16)
FNDA:1,search_players
FNDA:0,(anonymous_18)
FNDA:1,(anonymous_19)
DA:1,1
DA:2,1
DA:3,1
DA:6,1
DA:13,1
DA:23,2
DA:24,1
DA:26,1
DA:37,21
DA:38,21
DA:39,21
DA:41,21
DA:43,10
DA:44,11
DA:45,10
DA:47,10
DA:50,1
DA:65,1
DA:67,1
DA:68,1
DA:70,1
DA:74,0
DA:81,0
DA:82,0
DA:83,0
DA:84,0
DA:85,0
DA:92,1
DA:97,1
DA:98,0
DA:99,0
DA:100,1
DA:101,1
DA:110,1
DA:111,1
DA:113,1
DA:117,0
DA:123,0
DA:124,0
DA:125,0
DA:126,0
DA:127,0
DA:134,1
DA:138,1
DA:139,0
DA:140,0
DA:141,1
DA:142,1
DA:156,1
DA:158,1
DA:159,1
DA:172,1
DA:173,0
DA:174,0
DA:175,1
DA:176,1
DA:181,0
DA:192,2
DA:193,2
DA:194,2
DA:195,2
DA:196,2
DA:197,2
DA:198,0
DA:201,2
DA:202,2
DA:204,2
DA:205,1
DA:211,1
DA:212,0
DA:213,0
DA:214,1
DA:215,1
DA:220,1
DA:226,1
DA:227,0
DA:228,0
DA:229,1
DA:230,1
DA:238,0
DA:251,1
DA:252,1
DA:254,1
DA:255,0
DA:256,0
DA:257,0
DA:264,0
DA:265,0
DA:266,0
DA:267,0
DA:268,0
DA:272,1
DA:273,1
DA:274,1
DA:275,1
DA:280,1
DA:281,0
DA:282,0
DA:283,1
DA:284,1
DA:289,0
DA:299,1
DA:300,1
DA:301,1
DA:302,1
DA:303,1
DA:304,1
DA:306,1
DA:307,0
DA:308,0
DA:309,0
DA:310,0
DA:321,0
DA:322,0
DA:323,0
DA:324,0
DA:325,0
DA:329,1
DA:330,1
DA:331,1
DA:332,1
DA:334,1
DA:343,1
DA:344,0
DA:345,0
DA:346,1
DA:347,1
DA:352,0
DA:357,1
LF:129
LH:81
BRDA:23,0,0,1
BRDA:23,0,1,1
BRDA:39,1,0,10
BRDA:39,1,1,11
BRDA:41,2,0,10
BRDA:41,2,1,11
BRDA:44,3,0,10
BRDA:44,3,1,1
BRDA:65,4,0,1
BRDA:65,4,1,0
BRDA:68,5,0,0
BRDA:68,5,1,1
BRDA:70,6,0,0
BRDA:70,6,1,1
BRDA:70,7,0,1
BRDA:70,7,1,0
BRDA:81,8,0,0
BRDA:81,8,1,0
BRDA:84,9,0,0
BRDA:84,9,1,0
BRDA:97,10,0,0
BRDA:97,10,1,1
BRDA:100,11,0,1
BRDA:100,11,1,0
BRDA:111,12,0,0
BRDA:111,12,1,1
BRDA:113,13,0,0
BRDA:113,13,1,1
BRDA:113,14,0,1
BRDA:113,14,1,0
BRDA:123,15,0,0
BRDA:123,15,1,0
BRDA:126,16,0,0
BRDA:126,16,1,0
BRDA:138,17,0,0
BRDA:138,17,1,1
BRDA:141,18,0,1
BRDA:141,18,1,0
BRDA:158,19,0,1
BRDA:158,19,1,0
BRDA:158,20,0,1
BRDA:158,20,1,1
BRDA:172,21,0,0
BRDA:172,21,1,1
BRDA:175,22,0,1
BRDA:175,22,1,0
BRDA:194,23,0,2
BRDA:194,23,1,0
BRDA:194,24,0,2
BRDA:194,24,1,2
BRDA:196,25,0,0
BRDA:196,25,1,2
BRDA:197,26,0,0
BRDA:197,26,1,2
BRDA:204,27,0,1
BRDA:204,27,1,1
BRDA:211,28,0,0
BRDA:211,28,1,1
BRDA:214,29,0,1
BRDA:214,29,1,0
BRDA:226,30,0,0
BRDA:226,30,1,1
BRDA:229,31,0,1
BRDA:229,31,1,0
BRDA:252,32,0,0
BRDA:252,32,1,1
BRDA:254,33,0,0
BRDA:254,33,1,1
BRDA:254,34,0,1
BRDA:254,34,1,1
BRDA:254,34,2,0
BRDA:255,35,0,0
BRDA:255,35,1,0
BRDA:256,36,0,0
BRDA:256,36,1,0
BRDA:264,37,0,0
BRDA:264,37,1,0
BRDA:267,38,0,0
BRDA:267,38,1,0
BRDA:272,39,0,1
BRDA:272,39,1,0
BRDA:273,40,0,1
BRDA:273,40,1,0
BRDA:274,41,0,1
BRDA:274,41,1,0
BRDA:280,42,0,0
BRDA:280,42,1,1
BRDA:283,43,0,1
BRDA:283,43,1,0
BRDA:299,44,0,0
BRDA:299,44,1,1
BRDA:300,45,0,0
BRDA:300,45,1,1
BRDA:301,46,0,0
BRDA:301,46,1,1
BRDA:302,47,0,0
BRDA:302,47,1,1
BRDA:304,48,0,0
BRDA:304,48,1,1
BRDA:306,49,0,0
BRDA:306,49,1,1
BRDA:306,50,0,1
BRDA:306,50,1,1
BRDA:306,50,2,0
BRDA:307,51,0,0
BRDA:307,51,1,0
BRDA:308,52,0,0
BRDA:308,52,1,0
BRDA:309,53,0,0
BRDA:309,53,1,0
BRDA:321,54,0,0
BRDA:321,54,1,0
BRDA:324,55,0,0
BRDA:324,55,1,0
BRDA:329,56,0,1
BRDA:329,56,1,0
BRDA:330,57,0,1
BRDA:330,57,1,0
BRDA:331,58,0,1
BRDA:331,58,1,0
BRDA:332,59,0,1
BRDA:332,59,1,0
BRDA:343,60,0,0
BRDA:343,60,1,1
BRDA:346,61,0,1
BRDA:346,61,1,0
BRF:126
BRH:58
end_of_record
TN:
SF:server.js
FN:38,(anonymous_0)
FNF:1
FNH:1
FNDA:1,(anonymous_0)
DA:1,1
DA:2,1
DA:5,1
DA:6,1
DA:8,1
DA:11,1
DA:14,1
DA:17,1
DA:20,1
DA:23,1
DA:26,1
DA:29,1
DA:32,1
DA:38,1
DA:39,1
DA:42,1
LF:16
LH:16
BRF:0
BRH:0
end_of_record
